TN:
SF:src/UniversalGateway.sol
DA:102,843
FN:102,UniversalGateway.initialize
FNDA:843,UniversalGateway.initialize
DA:112,843
BRDA:112,0,0,-
DA:113,0
DA:116,0
DA:117,0
DA:118,0
DA:119,0
DA:121,843
DA:122,843
DA:123,843
DA:125,843
DA:126,843
DA:127,843
DA:128,843
DA:130,843
DA:131,843
BRDA:131,1,0,48
DA:132,48
DA:133,48
DA:136,843
DA:138,843
DA:140,843
DA:146,175
FN:146,UniversalGateway.pause
FNDA:175,UniversalGateway.pause
DA:147,0
DA:150,153
FN:150,UniversalGateway.unpause
FNDA:153,UniversalGateway.unpause
DA:151,0
DA:156,7
FN:156,UniversalGateway.setTSS
FNDA:7,UniversalGateway.setTSS
DA:157,6
BRDA:157,2,0,1
DA:158,5
DA:161,5
BRDA:161,3,0,5
DA:162,5
DA:164,5
DA:169,153
FN:169,UniversalGateway.setVault
FNDA:153,UniversalGateway.setVault
DA:170,151
BRDA:170,4,0,1
DA:171,150
DA:174,150
BRDA:174,5,0,150
DA:175,150
DA:177,150
DA:178,150
DA:184,10
FN:184,UniversalGateway.setCapsUSD
FNDA:10,UniversalGateway.setCapsUSD
DA:185,7
BRDA:185,6,0,1
DA:187,6
DA:188,6
DA:189,6
DA:194,28
FN:194,UniversalGateway.setBlockUsdCap
FNDA:28,UniversalGateway.setBlockUsdCap
DA:195,27
DA:200,5
FN:200,UniversalGateway.setDefaultSwapDeadline
FNDA:5,UniversalGateway.setDefaultSwapDeadline
DA:201,2
BRDA:201,7,0,1
DA:202,1
DA:208,90
FN:208,UniversalGateway.setRouters
FNDA:90,UniversalGateway.setRouters
DA:209,87
BRDA:209,8,0,2
DA:210,85
DA:211,85
DA:217,999
FN:217,UniversalGateway.setTokenLimitThresholds
FNDA:999,UniversalGateway.setTokenLimitThresholds
DA:221,995
BRDA:221,9,0,2
DA:222,993
DA:223,2118
DA:224,2118
DA:230,19
FN:230,UniversalGateway.updateEpochDuration
FNDA:19,UniversalGateway.updateEpochDuration
DA:231,16
DA:232,16
DA:233,16
DA:240,71
FN:240,UniversalGateway.setV3FeeOrder
FNDA:71,UniversalGateway.setV3FeeOrder
DA:241,68
DA:246,718
FN:246,UniversalGateway.setEthUsdFeed
FNDA:718,UniversalGateway.setEthUsdFeed
DA:247,716
BRDA:247,10,0,1
DA:248,715
DA:250,715
DA:251,715
DA:252,715
DA:257,25
FN:257,UniversalGateway.setChainlinkStalePeriod
FNDA:25,UniversalGateway.setChainlinkStalePeriod
DA:258,22
DA:264,25
FN:264,UniversalGateway.setL2SequencerFeed
FNDA:25,UniversalGateway.setL2SequencerFeed
DA:265,22
DA:270,8
FN:270,UniversalGateway.setL2SequencerGracePeriod
FNDA:8,UniversalGateway.setL2SequencerGracePeriod
DA:271,5
DA:276,82
FN:276,UniversalGateway.setCEAFactory
FNDA:82,UniversalGateway.setCEAFactory
DA:277,82
BRDA:277,11,0,-
DA:278,82
DA:283,21
FN:283,UniversalGateway.setInboundFee
FNDA:21,UniversalGateway.setInboundFee
DA:284,20
DA:285,20
DA:293,349
FN:293,UniversalGateway.sendUniversalTx.0
FNDA:349,UniversalGateway.sendUniversalTx.0
DA:294,349
BRDA:294,12,0,5
DA:295,344
DA:296,344
DA:297,344
DA:301,45
FN:301,UniversalGateway.sendUniversalTx.1
FNDA:45,UniversalGateway.sendUniversalTx.1
DA:302,45
BRDA:302,13,0,-
DA:304,45
BRDA:304,14,0,2
DA:305,43
BRDA:305,15,0,2
DA:306,41
BRDA:306,16,0,2
DA:307,39
BRDA:307,17,0,2
DA:310,37
DA:311,37
DA:314,25
DA:323,25
DA:324,25
DA:328,49
FN:328,UniversalGateway.sendUniversalTxFromCEA
FNDA:49,UniversalGateway.sendUniversalTxFromCEA
DA:329,49
BRDA:329,18,0,1
DA:330,48
BRDA:330,19,0,5
DA:332,43
DA:333,43
BRDA:333,20,0,-
DA:335,43
BRDA:335,21,0,6
DA:337,37
DA:338,37
DA:340,37
DA:358,239
FN:358,UniversalGateway._sendTxWithGas
FNDA:239,UniversalGateway._sendTxWithGas
DA:368,239
BRDA:368,22,0,228
DA:369,228
DA:370,216
DA:371,197
DA:374,239
DA:386,251
FN:386,UniversalGateway._sendTxWithFunds
FNDA:251,UniversalGateway._sendTxWithFunds
DA:391,251
BRDA:391,23,0,107
DA:392,107
DA:396,107
BRDA:396,24,0,31
BRDA:396,24,1,5
DA:397,31
BRDA:397,25,0,5
DA:398,26
DA:404,76
BRDA:404,26,0,6
DA:405,6
DA:406,1
DA:417,76
DA:420,102
DA:421,82
DA:423,26
DA:451,224
BRDA:451,27,0,144
DA:452,144
DA:456,144
DA:458,144
BRDA:458,28,0,31
BRDA:458,28,1,59
DA:459,31
BRDA:459,29,0,-
DA:461,31
DA:464,113
BRDA:464,30,0,54
BRDA:464,30,1,59
DA:465,54
BRDA:465,31,0,2
DA:467,52
DA:469,52
BRDA:469,32,0,42
DA:470,42
DA:481,48
DA:484,59
BRDA:484,33,0,59
DA:485,0
DA:487,59
DA:498,59
DA:501,133
DA:502,123
DA:505,118
DA:506,31
DA:530,405
FN:530,UniversalGateway._emitUniversalTx
FNDA:405,UniversalGateway._emitUniversalTx
DA:541,405
DA:559,29
FN:559,UniversalGateway.revertUniversalTx
FNDA:29,UniversalGateway.revertUniversalTx
DA:566,28
DA:568,20
BRDA:568,34,0,7
BRDA:568,34,1,-
DA:569,7
DA:570,7
BRDA:570,35,0,-
DA:572,13
DA:575,7
DA:581,5
FN:581,UniversalGateway.rescueFunds
FNDA:5,UniversalGateway.rescueFunds
DA:588,5
DA:590,4
BRDA:590,36,0,2
BRDA:590,36,1,1
DA:591,2
DA:592,2
BRDA:592,37,0,1
DA:594,2
DA:597,1
DA:601,33
FN:601,UniversalGateway._validateRevertParams
FNDA:33,UniversalGateway._validateRevertParams
DA:602,3
BRDA:602,38,0,3
DA:603,30
BRDA:603,39,0,2
DA:604,28
BRDA:604,40,0,4
DA:606,24
DA:614,117
FN:614,UniversalGateway.isSupportedToken
FNDA:117,UniversalGateway.isSupportedToken
DA:615,117
DA:619,6
FN:619,UniversalGateway.getMinMaxValueForNative
FNDA:6,UniversalGateway.getMinMaxValueForNative
DA:620,6
DA:621,6
DA:622,6
DA:631,305
FN:631,UniversalGateway.getEthUsdPrice
FNDA:305,UniversalGateway.getEthUsdPrice
DA:632,305
BRDA:632,41,0,-
DA:635,305
BRDA:635,42,0,-
DA:636,0
DA:641,0
DA:644,0
BRDA:644,43,0,-
DA:647,0
BRDA:647,44,0,-
DA:648,0
DA:652,305
DA:655,305
BRDA:655,45,0,1
DA:656,304
BRDA:656,46,0,1
DA:657,303
BRDA:657,47,0,1
DA:658,1
DA:661,302
DA:662,302
BRDA:662,48,0,1
DA:663,1
BRDA:663,49,0,1
DA:664,0
DA:665,1
BRDA:665,49,1,1
DA:667,1
DA:671,302
DA:674,302
BRDA:674,50,0,1
DA:675,301
DA:677,301
DA:684,290
FN:684,UniversalGateway.quoteEthAmountInUsd1e18
FNDA:290,UniversalGateway.quoteEthAmountInUsd1e18
DA:685,290
BRDA:685,51,0,1
DA:686,289
DA:688,289
DA:692,89
FN:692,UniversalGateway.currentTokenUsage
FNDA:89,UniversalGateway.currentTokenUsage
DA:693,89
DA:694,89
BRDA:694,52,0,4
DA:696,85
DA:697,85
BRDA:697,53,0,1
DA:699,84
DA:700,84
DA:701,84
DA:703,84
DA:704,84
DA:714,442
FN:714,UniversalGateway._isCallerCEA
FNDA:442,UniversalGateway._isCallerCEA
DA:715,442
BRDA:715,54,0,364
DA:716,78
DA:722,232
FN:722,UniversalGateway._checkUSDCaps
FNDA:232,UniversalGateway._checkUSDCaps
DA:723,232
DA:724,232
BRDA:724,55,0,6
DA:725,226
BRDA:725,56,0,8
DA:733,402
FN:733,UniversalGateway._handleDeposits
FNDA:402,UniversalGateway._handleDeposits
DA:734,402
BRDA:734,57,0,265
BRDA:734,57,1,-
DA:736,265
DA:737,265
BRDA:737,58,0,1
DA:740,137
BRDA:740,59,0,-
DA:741,137
DA:749,216
FN:749,UniversalGateway._checkBlockUSDCap
FNDA:216,UniversalGateway._checkBlockUSDCap
DA:750,216
DA:751,216
BRDA:751,60,0,166
DA:753,50
BRDA:753,61,0,24
DA:754,24
DA:755,24
DA:758,50
DA:760,50
BRDA:760,62,0,5
DA:763,45
DA:764,45
BRDA:764,63,0,14
DA:765,31
DA:774,235
FN:774,UniversalGateway._consumeRateLimit
FNDA:235,UniversalGateway._consumeRateLimit
DA:775,235
DA:776,235
BRDA:776,64,0,9
DA:778,226
DA:779,226
BRDA:779,65,0,2
DA:781,224
DA:782,224
DA:784,224
BRDA:784,66,0,12
DA:785,12
DA:786,12
DA:790,224
DA:791,224
BRDA:791,67,0,19
DA:792,205
DA:806,37
FN:806,UniversalGateway.swapToNative
FNDA:37,UniversalGateway.swapToNative
DA:810,37
BRDA:810,68,0,-
DA:812,37
BRDA:812,69,0,2
BRDA:812,69,1,-
DA:813,2
DA:814,35
BRDA:814,70,0,-
DA:815,0
DA:817,37
BRDA:817,71,0,2
DA:819,35
BRDA:819,72,0,2
DA:821,2
DA:823,2
DA:824,2
DA:825,2
DA:828,2
BRDA:828,73,0,-
DA:829,2
DA:831,33
DA:833,31
DA:834,25
DA:836,33
DA:847,33
DA:849,24
DA:851,24
DA:852,24
DA:853,24
DA:856,24
BRDA:856,74,0,1
DA:864,33
FN:864,UniversalGateway._findV3PoolWithNative
FNDA:33,UniversalGateway._findV3PoolWithNative
DA:865,33
BRDA:865,75,0,-
DA:866,33
BRDA:866,76,0,-
DA:868,0
DA:872,33
DA:873,37
DA:874,37
DA:875,37
BRDA:875,77,0,31
DA:876,31
DA:879,2
DA:891,406
FN:891,UniversalGateway._fetchTxType
FNDA:406,UniversalGateway._fetchTxType
DA:892,406
DA:893,406
DA:894,406
DA:895,406
DA:899,406
BRDA:899,78,0,65
DA:900,65
DA:906,341
BRDA:906,79,0,74
DA:907,74
DA:911,267
BRDA:911,80,0,111
DA:914,111
BRDA:914,81,0,32
DA:915,32
DA:920,79
BRDA:920,82,0,77
DA:921,77
DA:923,2
DA:927,156
BRDA:927,83,0,151
DA:930,151
BRDA:930,84,0,93
DA:931,93
DA:934,58
BRDA:934,85,0,55
DA:935,55
DA:937,3
DA:940,5
DA:948,351
FN:948,UniversalGateway._collectProtocolFee
FNDA:351,UniversalGateway._collectProtocolFee
DA:949,351
DA:950,351
BRDA:950,86,0,335
DA:953,16
BRDA:953,87,0,3
DA:956,13
DA:957,13
BRDA:957,88,0,-
DA:959,13
DA:968,396
FN:968,UniversalGateway._routeUniversalTx
FNDA:396,UniversalGateway._routeUniversalTx
DA:976,396
BRDA:976,89,0,10
DA:977,10
DA:981,386
BRDA:981,90,0,351
DA:982,351
DA:983,351
DA:984,351
DA:988,383
BRDA:988,91,0,132
BRDA:988,91,1,-
DA:990,132
DA:991,132
DA:996,251
BRDA:996,92,0,251
BRDA:996,92,1,-
DA:997,251
DA:1001,0
DA:1010,28
FN:1010,UniversalGateway.receive
FNDA:28,UniversalGateway.receive
DA:1012,28
BRDA:1012,93,0,1
FNF:43
FNH:43
LF:324
LH:307
BRF:104
BRH:82
end_of_record
TN:
SF:src/UniversalGatewayPC.sol
DA:48,106
FN:48,UniversalGatewayPC.initialize
FNDA:106,UniversalGatewayPC.initialize
DA:49,106
BRDA:49,0,0,4
DA:50,4
DA:53,0
DA:54,0
DA:55,0
DA:57,102
DA:58,102
DA:60,102
DA:61,102
DA:64,11
FN:64,UniversalGatewayPC.pause
FNDA:11,UniversalGatewayPC.pause
DA:65,0
DA:68,4
FN:68,UniversalGatewayPC.unpause
FNDA:4,UniversalGatewayPC.unpause
DA:69,0
DA:74,5
FN:74,UniversalGatewayPC.setVaultPC
FNDA:5,UniversalGatewayPC.setVaultPC
DA:75,3
BRDA:75,1,0,2
DA:76,1
DA:77,1
DA:78,1
DA:86,73
FN:86,UniversalGatewayPC.sendUniversalTxOutbound
FNDA:73,UniversalGatewayPC.sendUniversalTxOutbound
DA:92,73
DA:94,68
DA:96,65
DA:103,65
DA:105,63
BRDA:105,2,0,55
DA:106,55
DA:109,60
BRDA:109,3,0,3
DA:110,57
BRDA:110,4,0,56
DA:111,56
DA:112,56
BRDA:112,5,0,-
DA:114,57
DA:116,56
DA:117,56
DA:119,56
DA:125,56
DA:144,11
FN:144,UniversalGatewayPC.rescueFundsOnSourceChain
FNDA:11,UniversalGatewayPC.rescueFundsOnSourceChain
DA:148,11
BRDA:148,6,0,1
DA:150,10
DA:156,10
DA:158,7
DA:160,7
DA:183,68
FN:183,UniversalGatewayPC._fetchTxType
FNDA:68,UniversalGatewayPC._fetchTxType
DA:184,68
DA:185,68
DA:187,68
BRDA:187,7,0,40
DA:188,28
BRDA:188,8,0,17
DA:189,11
BRDA:189,9,0,8
DA:191,3
DA:197,73
FN:197,UniversalGatewayPC._validateParams
FNDA:73,UniversalGatewayPC._validateParams
DA:198,73
BRDA:198,10,0,3
DA:199,70
BRDA:199,11,0,2
DA:200,2
DA:214,65
FN:214,UniversalGatewayPC._fetchOutboundTxGasAndFees
FNDA:65,UniversalGatewayPC._fetchOutboundTxGasAndFees
DA:226,65
DA:228,3
DA:231,63
BRDA:231,12,0,-
DA:232,0
DA:241,64
FN:241,UniversalGatewayPC._swapAndCollectFees
FNDA:64,UniversalGatewayPC._swapAndCollectFees
DA:242,64
BRDA:242,13,0,1
DA:244,63
DA:251,55
FN:251,UniversalGatewayPC._burnPRC20
FNDA:55,UniversalGatewayPC._burnPRC20
DA:252,55
DA:253,52
DA:254,52
BRDA:254,14,0,-
FNF:11
FNH:11
LF:64
LH:58
BRF:15
BRH:12
end_of_record
TN:
SF:src/Vault.sol
DA:50,163
FN:50,Vault.initialize
FNDA:163,Vault.initialize
DA:55,163
DA:56,159
DA:57,5
BRDA:57,0,0,5
DA:58,5
DA:61,0
DA:62,0
DA:63,0
DA:64,0
DA:66,158
DA:67,158
DA:68,158
DA:70,158
DA:71,158
DA:72,158
DA:75,15
FN:75,Vault.pause
FNDA:15,Vault.pause
DA:76,0
DA:79,3
FN:79,Vault.unpause
FNDA:3,Vault.unpause
DA:80,0
DA:85,20
FN:85,Vault.setGateway
FNDA:20,Vault.setGateway
DA:86,19
BRDA:86,1,0,1
DA:87,18
DA:88,18
DA:89,18
DA:94,9
FN:94,Vault.setTSS
FNDA:9,Vault.setTSS
DA:95,8
BRDA:95,2,0,1
DA:96,7
DA:98,7
BRDA:98,3,0,7
DA:99,7
DA:101,7
DA:102,7
DA:107,0
FN:107,Vault.setCEAFactory
FNDA:0,Vault.setCEAFactory
DA:108,0
BRDA:108,4,0,-
DA:109,0
DA:110,0
DA:111,0
DA:119,108
FN:119,Vault.finalizeUniversalTx
FNDA:108,Vault.finalizeUniversalTx
DA:128,104
DA:129,104
BRDA:129,5,0,85
DA:130,85
DA:133,102
DA:135,102
DA:139,13
FN:139,Vault.revertUniversalTx
FNDA:13,Vault.revertUniversalTx
DA:146,12
DA:148,10
BRDA:148,6,0,1
BRDA:148,6,1,-
DA:149,1
BRDA:149,7,0,1
DA:150,0
DA:154,9
BRDA:154,8,0,-
DA:155,9
DA:156,8
BRDA:156,9,0,2
DA:157,2
DA:159,6
DA:160,6
DA:165,0
DA:171,12
FN:171,Vault.rescueFunds
FNDA:12,Vault.rescueFunds
DA:178,11
DA:180,9
BRDA:180,10,0,3
BRDA:180,10,1,-
DA:181,3
BRDA:181,11,0,1
DA:182,2
DA:186,6
BRDA:186,12,0,1
DA:187,5
DA:188,4
BRDA:188,13,0,1
DA:189,1
DA:191,3
DA:192,3
DA:197,1
DA:207,23
FN:207,Vault._validateRevertParams
FNDA:23,Vault._validateRevertParams
DA:208,23
BRDA:208,14,0,2
DA:209,21
BRDA:209,15,0,2
DA:214,116
FN:214,Vault._enforceSupported
FNDA:116,Vault._enforceSupported
DA:215,116
BRDA:215,16,0,10
DA:216,10
DA:224,102
FN:224,Vault._validateParams
FNDA:102,Vault._validateParams
DA:225,102
BRDA:225,17,0,-
DA:226,102
DA:228,102
BRDA:228,18,0,26
BRDA:228,18,1,3
DA:229,26
BRDA:229,19,0,5
DA:231,68
BRDA:231,20,0,3
DA:244,102
FN:244,Vault._finalizeUniversalTx
FNDA:102,Vault._finalizeUniversalTx
DA:254,102
DA:256,86
BRDA:256,21,0,65
BRDA:256,21,1,-
DA:257,65
BRDA:257,22,0,3
DA:258,3
DA:260,62
DA:261,62
DA:263,21
FNF:13
FNH:12
LF:86
LH:73
BRF:27
BRH:21
end_of_record
TN:
SF:src/VaultPC.sol
DA:44,41
FN:44,VaultPC.initialize
FNDA:41,VaultPC.initialize
DA:45,41
BRDA:45,0,0,3
DA:46,3
DA:49,0
DA:50,0
DA:51,0
DA:52,0
DA:54,38
DA:55,38
DA:56,38
DA:59,9
FN:59,VaultPC.pause
FNDA:9,VaultPC.pause
DA:60,0
DA:63,4
FN:63,VaultPC.unpause
FNDA:4,VaultPC.unpause
DA:64,0
DA:72,9
FN:72,VaultPC.withdraw
FNDA:9,VaultPC.withdraw
DA:73,8
BRDA:73,1,0,1
DA:74,7
BRDA:74,2,0,1
DA:75,6
BRDA:75,3,0,1
DA:76,1
DA:79,5
DA:80,5
BRDA:80,4,0,-
DA:82,5
DA:86,22
FN:86,VaultPC.withdrawToken
FNDA:22,VaultPC.withdrawToken
DA:92,21
BRDA:92,5,0,2
DA:93,2
DA:95,19
BRDA:95,6,0,1
DA:96,18
BRDA:96,7,0,1
DA:97,1
DA:100,17
DA:101,17
FNF:5
FNH:5
LF:30
LH:24
BRF:8
BRH:7
end_of_record
